# JRE version: Java(TM) SE Runtime Environment 18.9 (11.0.7+8) (build 11.0.7+8-LTS)
# Java VM: Java HotSpot(TM) 64-Bit Server VM 18.9 (11.0.7+8-LTS, mixed mode, tiered, compressed oops, g1 gc, windows-amd64)
Heap:
 garbage-first heap   total 98304K, used 48043K [0x00000000a1a00000, 0x0000000100000000)
  region size 1024K, 3 young (3072K), 2 survivors (2048K)
 Metaspace       used 72619K, capacity 74428K, committed 74832K, reserved 1114112K
  class space    used 9425K, capacity 10138K, committed 10240K, reserved 1048576K
GC Heap History (10 events):
Event: 472.375 GC heap before
{Heap before GC invocations=32 (full 0):
 garbage-first heap   total 98304K, used 80704K [0x00000000a1a00000, 0x0000000100000000)
  region size 1024K, 35 young (35840K), 3 survivors (3072K)
 Metaspace       used 72758K, capacity 74645K, committed 74832K, reserved 1114112K
  class space    used 9462K, capacity 10210K, committed 10240K, reserved 1048576K
}
Event: 472.381 GC heap after
{Heap after GC invocations=33 (full 0):
 garbage-first heap   total 98304K, used 48162K [0x00000000a1a00000, 0x0000000100000000)
  region size 1024K, 3 young (3072K), 3 survivors (3072K)
 Metaspace       used 72758K, capacity 74645K, committed 74832K, reserved 1114112K
  class space    used 9462K, capacity 10210K, committed 10240K, reserved 1048576K
}
Event: 783.946 GC heap before
{Heap before GC invocations=34 (full 0):
 garbage-first heap   total 98304K, used 81954K [0x00000000a1a00000, 0x0000000100000000)
  region size 1024K, 36 young (36864K), 3 survivors (3072K)
 Metaspace       used 72747K, capacity 74627K, committed 74832K, reserved 1114112K
  class space    used 9460K, capacity 10207K, committed 10240K, reserved 1048576K
}
Event: 783.956 GC heap after
{Heap after GC invocations=35 (full 0):
 garbage-first heap   total 98304K, used 48393K [0x00000000a1a00000, 0x0000000100000000)
  region size 1024K, 2 young (2048K), 2 survivors (2048K)
 Metaspace       used 72747K, capacity 74627K, committed 74832K, reserved 1114112K
  class space    used 9460K, capacity 10207K, committed 10240K, reserved 1048576K
}
Event: 1094.806 GC heap before
{Heap before GC invocations=35 (full 0):
 garbage-first heap   total 98304K, used 82185K [0x00000000a1a00000, 0x0000000100000000)
  region size 1024K, 35 young (35840K), 2 survivors (2048K)
 Metaspace       used 72747K, capacity 74627K, committed 74832K, reserved 1114112K
  class space    used 9460K, capacity 10207K, committed 10240K, reserved 1048576K
}
Event: 1094.810 GC heap after
{Heap after GC invocations=36 (full 0):
 garbage-first heap   total 98304K, used 48107K [0x00000000a1a00000, 0x0000000100000000)
  region size 1024K, 2 young (2048K), 2 survivors (2048K)
 Metaspace       used 72747K, capacity 74627K, committed 74832K, reserved 1114112K
  class space    used 9460K, capacity 10207K, committed 10240K, reserved 1048576K
}
Event: 1415.507 GC heap before
{Heap before GC invocations=37 (full 0):
 garbage-first heap   total 98304K, used 82923K [0x00000000a1a00000, 0x0000000100000000)
  region size 1024K, 36 young (36864K), 2 survivors (2048K)
 Metaspace       used 72747K, capacity 74627K, committed 74832K, reserved 1114112K
  class space    used 9460K, capacity 10207K, committed 10240K, reserved 1048576K
}
Event: 1415.510 GC heap after
{Heap after GC invocations=38 (full 0):
 garbage-first heap   total 98304K, used 48077K [0x00000000a1a00000, 0x0000000100000000)
  region size 1024K, 2 young (2048K), 2 survivors (2048K)
 Metaspace       used 72747K, capacity 74627K, committed 74832K, reserved 1114112K
  class space    used 9460K, capacity 10207K, committed 10240K, reserved 1048576K
}
Event: 1737.700 GC heap before
{Heap before GC invocations=38 (full 0):
 garbage-first heap   total 98304K, used 82893K [0x00000000a1a00000, 0x0000000100000000)
  region size 1024K, 36 young (36864K), 2 survivors (2048K)
 Metaspace       used 72747K, capacity 74627K, committed 74832K, reserved 1114112K
  class space    used 9460K, capacity 10207K, committed 10240K, reserved 1048576K
}
Event: 1737.703 GC heap after
{Heap after GC invocations=39 (full 0):
 garbage-first heap   total 98304K, used 48043K [0x00000000a1a00000, 0x0000000100000000)
  region size 1024K, 2 young (2048K), 2 survivors (2048K)
 Metaspace       used 72747K, capacity 74627K, committed 74832K, reserved 1114112K
  class space    used 9460K, capacity 10207K, committed 10240K, reserved 1048576K
}

